<?xml version="1.0" encoding="UTF-8"?>
<!-- Generated by org.testng.reporters.JUnitXMLReporter -->
<testsuite ignored="2" hostname="LAPTOP-PDPRH0HR" failures="2" tests="2" name="Test" time="142.225" errors="0" timestamp="2023-03-31T15:11:08 IST">
  <testcase classname="testPackage.LogInTestClass" name="VerifyLoginFunctionalityWithCorrectData" time="0.016">
    <failure type="java.lang.NullPointerException" message="Cannot invoke &amp;quot;org.openqa.selenium.WebElement.sendKeys(java.lang.CharSequence[])&amp;quot; because &amp;quot;this.username&amp;quot; is null">
      <![CDATA[java.lang.NullPointerException: Cannot invoke "org.openqa.selenium.WebElement.sendKeys(java.lang.CharSequence[])" because "this.username" is null
at pomPackage1.LogInPage.enterUsername(LogInPage.java:33)
at testPackage.LogInTestClass.VerifyLoginFunctionalityWithCorrectData(LogInTestClass.java:34)
at java.base/java.util.ArrayList.forEach(ArrayList.java:1511)
... Removed 25 stack frames]]>
    </failure>
  </testcase> <!-- VerifyLoginFunctionalityWithCorrectData -->
  <testcase classname="testPackage.LogInTestClass" name="verifyLoginFunctionalitiesWithInCorrectData" time="0.009">
    <failure type="java.lang.AssertionError" message="null">
      <![CDATA[java.lang.AssertionError: null
at testPackage.LogInTestClass.verifyLoginFunctionalitiesWithInCorrectData(LogInTestClass.java:51)
at java.base/java.util.ArrayList.forEach(ArrayList.java:1511)
... Removed 27 stack frames]]>
    </failure>
  </testcase> <!-- verifyLoginFunctionalitiesWithInCorrectData -->
  <testcase classname="testPackage.BaseClass" name="@BeforeTest beforeTest" time="0.0">
    <ignored/>
  </testcase> <!-- @BeforeTest beforeTest -->
  <testcase classname="testPackage.BaseClass" name="@AfterTest aftertest" time="0.0">
    <ignored/>
  </testcase> <!-- @AfterTest aftertest -->
</testsuite> <!-- Test -->
